Determining if the pthread_create exist failed with the following output:
Change Dir: /home/janosch/c++/3_programmiersprachen-blatt/build/CMakeFiles/CMakeTmp

Run Build Command:/usr/bin/make "cmTryCompileExec2061110615/fast"
/usr/bin/make -f CMakeFiles/cmTryCompileExec2061110615.dir/build.make CMakeFiles/cmTryCompileExec2061110615.dir/build
make[1]: Verzeichnis »/home/janosch/c++/3_programmiersprachen-blatt/build/CMakeFiles/CMakeTmp« wird betreten
/usr/bin/cmake -E cmake_progress_report /home/janosch/c++/3_programmiersprachen-blatt/build/CMakeFiles/CMakeTmp/CMakeFiles 1
Building C object CMakeFiles/cmTryCompileExec2061110615.dir/CheckSymbolExists.c.o
/usr/bin/cc    -o CMakeFiles/cmTryCompileExec2061110615.dir/CheckSymbolExists.c.o   -c /home/janosch/c++/3_programmiersprachen-blatt/build/CMakeFiles/CMakeTmp/CheckSymbolExists.c
Linking C executable cmTryCompileExec2061110615
/usr/bin/cmake -E cmake_link_script CMakeFiles/cmTryCompileExec2061110615.dir/link.txt --verbose=1
/usr/bin/cc       CMakeFiles/cmTryCompileExec2061110615.dir/CheckSymbolExists.c.o  -o cmTryCompileExec2061110615 -rdynamic 
CMakeFiles/cmTryCompileExec2061110615.dir/CheckSymbolExists.c.o: In Funktion `main':
CheckSymbolExists.c:(.text+0x16): Nicht definierter Verweis auf `pthread_create'
collect2: error: ld returned 1 exit status
make[1]: *** [cmTryCompileExec2061110615] Fehler 1
make[1]: Verzeichnis »/home/janosch/c++/3_programmiersprachen-blatt/build/CMakeFiles/CMakeTmp« wird verlassen
make: *** [cmTryCompileExec2061110615/fast] Fehler 2

File /home/janosch/c++/3_programmiersprachen-blatt/build/CMakeFiles/CMakeTmp/CheckSymbolExists.c:
/* */
#include <pthread.h>

int main(int argc, char** argv)
{
  (void)argv;
#ifndef pthread_create
  return ((int*)(&pthread_create))[argc];
#else
  (void)argc;
  return 0;
#endif
}

Determining if the function pthread_create exists in the pthreads failed with the following output:
Change Dir: /home/janosch/c++/3_programmiersprachen-blatt/build/CMakeFiles/CMakeTmp

Run Build Command:/usr/bin/make "cmTryCompileExec1170466655/fast"
/usr/bin/make -f CMakeFiles/cmTryCompileExec1170466655.dir/build.make CMakeFiles/cmTryCompileExec1170466655.dir/build
make[1]: Verzeichnis »/home/janosch/c++/3_programmiersprachen-blatt/build/CMakeFiles/CMakeTmp« wird betreten
/usr/bin/cmake -E cmake_progress_report /home/janosch/c++/3_programmiersprachen-blatt/build/CMakeFiles/CMakeTmp/CMakeFiles 1
Building C object CMakeFiles/cmTryCompileExec1170466655.dir/CheckFunctionExists.c.o
/usr/bin/cc   -DCHECK_FUNCTION_EXISTS=pthread_create   -o CMakeFiles/cmTryCompileExec1170466655.dir/CheckFunctionExists.c.o   -c /usr/share/cmake-2.8/Modules/CheckFunctionExists.c
Linking C executable cmTryCompileExec1170466655
/usr/bin/cmake -E cmake_link_script CMakeFiles/cmTryCompileExec1170466655.dir/link.txt --verbose=1
/usr/bin/cc   -DCHECK_FUNCTION_EXISTS=pthread_create    CMakeFiles/cmTryCompileExec1170466655.dir/CheckFunctionExists.c.o  -o cmTryCompileExec1170466655 -rdynamic -lpthreads 
/usr/bin/ld: cannot find -lpthreads
collect2: error: ld returned 1 exit status
make[1]: *** [cmTryCompileExec1170466655] Fehler 1
make[1]: Verzeichnis »/home/janosch/c++/3_programmiersprachen-blatt/build/CMakeFiles/CMakeTmp« wird verlassen
make: *** [cmTryCompileExec1170466655/fast] Fehler 2


Determining if the function glXGetProcAddressEXT exists failed with the following output:
Change Dir: /home/janosch/c++/3_programmiersprachen-blatt/build/CMakeFiles/CMakeTmp

Run Build Command:/usr/bin/make "cmTryCompileExec3067672574/fast"
/usr/bin/make -f CMakeFiles/cmTryCompileExec3067672574.dir/build.make CMakeFiles/cmTryCompileExec3067672574.dir/build
make[1]: Verzeichnis »/home/janosch/c++/3_programmiersprachen-blatt/build/CMakeFiles/CMakeTmp« wird betreten
/usr/bin/cmake -E cmake_progress_report /home/janosch/c++/3_programmiersprachen-blatt/build/CMakeFiles/CMakeTmp/CMakeFiles 1
Building C object CMakeFiles/cmTryCompileExec3067672574.dir/CheckFunctionExists.c.o
/usr/bin/cc   -DCHECK_FUNCTION_EXISTS=glXGetProcAddressEXT   -o CMakeFiles/cmTryCompileExec3067672574.dir/CheckFunctionExists.c.o   -c /usr/share/cmake-2.8/Modules/CheckFunctionExists.c
Linking C executable cmTryCompileExec3067672574
/usr/bin/cmake -E cmake_link_script CMakeFiles/cmTryCompileExec3067672574.dir/link.txt --verbose=1
/usr/bin/cc   -DCHECK_FUNCTION_EXISTS=glXGetProcAddressEXT    CMakeFiles/cmTryCompileExec3067672574.dir/CheckFunctionExists.c.o  -o cmTryCompileExec3067672574 -rdynamic -lGL 
CMakeFiles/cmTryCompileExec3067672574.dir/CheckFunctionExists.c.o: In Funktion `main':
CheckFunctionExists.c:(.text+0x15): Nicht definierter Verweis auf `glXGetProcAddressEXT'
collect2: error: ld returned 1 exit status
make[1]: *** [cmTryCompileExec3067672574] Fehler 1
make[1]: Verzeichnis »/home/janosch/c++/3_programmiersprachen-blatt/build/CMakeFiles/CMakeTmp« wird verlassen
make: *** [cmTryCompileExec3067672574/fast] Fehler 2


